Started by user [8mha:////4FHCZrbY86kmrO38llJbrl1wMls+PgNYdWOxp5kWtJotAAAAlx+LCAAAAAAAAP9b85aBtbiIQTGjNKU4P08vOT+vOD8nVc83PyU1x6OyILUoJzMv2y+/JJUBAhiZGBgqihhk0NSjKDWzXb3RdlLBUSYGJk8GtpzUvPSSDB8G5tKinBIGIZ+sxLJE/ZzEvHT94JKizLx0a6BxUmjGOUNodHsLgAzWEgZu/dLi1CL9xJTczDwAj6GcLcAAAAA=[0madmin
Running as SYSTEM
Building in workspace /var/lib/jenkins/workspace/FunctionalTest
No credentials specified
 > git rev-parse --is-inside-work-tree # timeout=10
Fetching changes from the remote Git repository
 > git config remote.origin.url https://github.com/clecioantao/tasks-functional-test # timeout=10
Fetching upstream changes from https://github.com/clecioantao/tasks-functional-test
 > git --version # timeout=10
 > git fetch --tags --progress -- https://github.com/clecioantao/tasks-functional-test +refs/heads/*:refs/remotes/origin/* # timeout=10
 > git rev-parse refs/remotes/origin/master^{commit} # timeout=10
 > git rev-parse refs/remotes/origin/origin/master^{commit} # timeout=10
Checking out Revision 784845023b3bb8c63c3cddc037fd0b5903a43da5 (refs/remotes/origin/master)
 > git config core.sparsecheckout # timeout=10
 > git checkout -f 784845023b3bb8c63c3cddc037fd0b5903a43da5 # timeout=10
Commit message: "first commit"
First time build. Skipping changelog.
[FunctionalTest] $ mvn clean test
FATAL: command execution failed
java.io.IOException: error=2, Arquivo ou diret√≥rio inexistente
	at java.lang.UNIXProcess.forkAndExec(Native Method)
	at java.lang.UNIXProcess.<init>(UNIXProcess.java:247)
	at java.lang.ProcessImpl.start(ProcessImpl.java:134)
	at java.lang.ProcessBuilder.start(ProcessBuilder.java:1029)
Caused: java.io.IOException: Cannot run program "mvn" (in directory "/var/lib/jenkins/workspace/FunctionalTest"): error=2, Arquivo ou diret√≥rio inexistente
	at java.lang.ProcessBuilder.start(ProcessBuilder.java:1048)
	at hudson.Proc$LocalProc.<init>(Proc.java:252)
	at hudson.Proc$LocalProc.<init>(Proc.java:221)
	at hudson.Launcher$LocalLauncher.launch(Launcher.java:936)
	at hudson.Launcher$ProcStarter.start(Launcher.java:454)
	at hudson.Launcher$ProcStarter.join(Launcher.java:465)
	at hudson.tasks.Maven.perform(Maven.java:368)
	at hudson.tasks.BuildStepMonitor$1.perform(BuildStepMonitor.java:20)
	at hudson.model.AbstractBuild$AbstractBuildExecution.perform(AbstractBuild.java:741)
	at hudson.model.Build$BuildExecution.build(Build.java:206)
	at hudson.model.Build$BuildExecution.doRun(Build.java:163)
	at hudson.model.AbstractBuild$AbstractBuildExecution.run(AbstractBuild.java:504)
	at hudson.model.Run.execute(Run.java:1856)
	at hudson.model.FreeStyleBuild.run(FreeStyleBuild.java:43)
	at hudson.model.ResourceController.execute(ResourceController.java:97)
	at hudson.model.Executor.run(Executor.java:428)
Build step 'Invoke top-level Maven targets' marked build as failure
Finished: FAILURE
