Started by user [8mha:////4FHCZrbY86kmrO38llJbrl1wMls+PgNYdWOxp5kWtJotAAAAlx+LCAAAAAAAAP9b85aBtbiIQTGjNKU4P08vOT+vOD8nVc83PyU1x6OyILUoJzMv2y+/JJUBAhiZGBgqihhk0NSjKDWzXb3RdlLBUSYGJk8GtpzUvPSSDB8G5tKinBIGIZ+sxLJE/ZzEvHT94JKizLx0a6BxUmjGOUNodHsLgAzWEgZu/dLi1CL9xJTczDwAj6GcLcAAAAA=[0madmin
Running as SYSTEM
Building in workspace /var/lib/jenkins/workspace/DeployFront
No credentials specified
 > git rev-parse --is-inside-work-tree # timeout=10
Fetching changes from the remote Git repository
 > git config remote.origin.url https://github.com/clecioantao/tasks-frontend # timeout=10
Fetching upstream changes from https://github.com/clecioantao/tasks-frontend
 > git --version # timeout=10
 > git fetch --tags --progress -- https://github.com/clecioantao/tasks-frontend +refs/heads/*:refs/remotes/origin/* # timeout=10
 > git rev-parse refs/remotes/origin/master^{commit} # timeout=10
 > git rev-parse refs/remotes/origin/origin/master^{commit} # timeout=10
Checking out Revision 7ce478abf4da5da09565fa4dfcdeecf01d4d4f66 (refs/remotes/origin/master)
 > git config core.sparsecheckout # timeout=10
 > git checkout -f 7ce478abf4da5da09565fa4dfcdeecf01d4d4f66 # timeout=10
Commit message: "Alterando index rodapÃ©"
 > git rev-list --no-walk 7ce478abf4da5da09565fa4dfcdeecf01d4d4f66 # timeout=10
[DeployFront] $ /opt/maven/bin/mvn clean package
[INFO] Scanning for projects...
[INFO] 
[INFO] -------------------< br.ce.wcaquino:tasks-frontend >--------------------
[INFO] Building tasks-frontend 0.0.1-SNAPSHOT
[INFO] --------------------------------[ war ]---------------------------------
[INFO] 
[8mha:////4Nu3Qhjj8w0D/DEqDj3eV3/jLcNUHMEHF9tF4+puXb7OAAAAYB+LCAAAAAAAAP9b85aBtbiIQSmjNKU4P0+vJLE4u1gvPjexLDVPzxdEGvvmZ+X75ZekLlOVfvTjc8FPJgaGiiIGKaiG5Py84vycVD1nCA1SyAABjCCFBQCV27OjYAAAAA==[0m[INFO] --- maven-clean-plugin:3.1.0:clean (default-clean) @ tasks-frontend ---
[INFO] Deleting /var/lib/jenkins/workspace/DeployFront/target
[INFO] 
[8mha:////4Nu3Qhjj8w0D/DEqDj3eV3/jLcNUHMEHF9tF4+puXb7OAAAAYB+LCAAAAAAAAP9b85aBtbiIQSmjNKU4P0+vJLE4u1gvPjexLDVPzxdEGvvmZ+X75ZekLlOVfvTjc8FPJgaGiiIGKaiG5Py84vycVD1nCA1SyAABjCCFBQCV27OjYAAAAA==[0m[INFO] --- maven-resources-plugin:3.1.0:resources (default-resources) @ tasks-frontend ---
[INFO] Using 'UTF-8' encoding to copy filtered resources.
[INFO] Copying 1 resource
[INFO] Copying 22 resources
[INFO] 
[8mha:////4Nu3Qhjj8w0D/DEqDj3eV3/jLcNUHMEHF9tF4+puXb7OAAAAYB+LCAAAAAAAAP9b85aBtbiIQSmjNKU4P0+vJLE4u1gvPjexLDVPzxdEGvvmZ+X75ZekLlOVfvTjc8FPJgaGiiIGKaiG5Py84vycVD1nCA1SyAABjCCFBQCV27OjYAAAAA==[0m[INFO] --- maven-compiler-plugin:3.8.1:compile (default-compile) @ tasks-frontend ---
[INFO] Changes detected - recompiling the module!
[INFO] Compiling 4 source files to /var/lib/jenkins/workspace/DeployFront/target/classes
[INFO] 
[8mha:////4Nu3Qhjj8w0D/DEqDj3eV3/jLcNUHMEHF9tF4+puXb7OAAAAYB+LCAAAAAAAAP9b85aBtbiIQSmjNKU4P0+vJLE4u1gvPjexLDVPzxdEGvvmZ+X75ZekLlOVfvTjc8FPJgaGiiIGKaiG5Py84vycVD1nCA1SyAABjCCFBQCV27OjYAAAAA==[0m[INFO] --- maven-resources-plugin:3.1.0:testResources (default-testResources) @ tasks-frontend ---
[INFO] Using 'UTF-8' encoding to copy filtered resources.
[INFO] skip non existing resourceDirectory /var/lib/jenkins/workspace/DeployFront/src/test/resources
[INFO] 
[8mha:////4Nu3Qhjj8w0D/DEqDj3eV3/jLcNUHMEHF9tF4+puXb7OAAAAYB+LCAAAAAAAAP9b85aBtbiIQSmjNKU4P0+vJLE4u1gvPjexLDVPzxdEGvvmZ+X75ZekLlOVfvTjc8FPJgaGiiIGKaiG5Py84vycVD1nCA1SyAABjCCFBQCV27OjYAAAAA==[0m[INFO] --- maven-compiler-plugin:3.8.1:testCompile (default-testCompile) @ tasks-frontend ---
[INFO] No sources to compile
[INFO] 
[8mha:////4Nu3Qhjj8w0D/DEqDj3eV3/jLcNUHMEHF9tF4+puXb7OAAAAYB+LCAAAAAAAAP9b85aBtbiIQSmjNKU4P0+vJLE4u1gvPjexLDVPzxdEGvvmZ+X75ZekLlOVfvTjc8FPJgaGiiIGKaiG5Py84vycVD1nCA1SyAABjCCFBQCV27OjYAAAAA==[0m[INFO] --- maven-surefire-plugin:2.22.2:test (default-test) @ tasks-frontend ---
[INFO] No tests to run.
[INFO] 
[8mha:////4Nu3Qhjj8w0D/DEqDj3eV3/jLcNUHMEHF9tF4+puXb7OAAAAYB+LCAAAAAAAAP9b85aBtbiIQSmjNKU4P0+vJLE4u1gvPjexLDVPzxdEGvvmZ+X75ZekLlOVfvTjc8FPJgaGiiIGKaiG5Py84vycVD1nCA1SyAABjCCFBQCV27OjYAAAAA==[0m[INFO] --- maven-war-plugin:3.2.3:war (default-war) @ tasks-frontend ---
[INFO] Packaging webapp
[INFO] Assembling webapp [tasks-frontend] in [/var/lib/jenkins/workspace/DeployFront/target/tasks]
[INFO] Processing war project
[INFO] Webapp assembled in [96 msecs]
[INFO] Building war: /var/lib/jenkins/workspace/DeployFront/target/tasks.war
[INFO] 
[8mha:////4Nu3Qhjj8w0D/DEqDj3eV3/jLcNUHMEHF9tF4+puXb7OAAAAYB+LCAAAAAAAAP9b85aBtbiIQSmjNKU4P0+vJLE4u1gvPjexLDVPzxdEGvvmZ+X75ZekLlOVfvTjc8FPJgaGiiIGKaiG5Py84vycVD1nCA1SyAABjCCFBQCV27OjYAAAAA==[0m[INFO] --- spring-boot-maven-plugin:2.2.4.RELEASE:repackage (repackage) @ tasks-frontend ---
[INFO] Replacing main artifact with repackaged archive
[INFO] ------------------------------------------------------------------------
[INFO] BUILD SUCCESS
[INFO] ------------------------------------------------------------------------
[INFO] Total time:  3.823 s
[INFO] Finished at: 2020-04-21T08:06:28-03:00
[INFO] ------------------------------------------------------------------------
[DeployPublisher][INFO] Attempting to deploy 1 war file(s)
[DeployPublisher][INFO] Deploying /var/lib/jenkins/workspace/DeployFront/target/tasks.war to container Tomcat 8.x Remote with context tasks
  Redeploying [/var/lib/jenkins/workspace/DeployFront/target/tasks.war]
  Undeploying [/var/lib/jenkins/workspace/DeployFront/target/tasks.war]
ERROR: Build step failed with exception
org.codehaus.cargo.container.ContainerException: Failed to undeploy [/var/lib/jenkins/workspace/DeployFront/target/tasks.war]
	at org.codehaus.cargo.container.tomcat.internal.AbstractTomcatManagerDeployer.undeploy(AbstractTomcatManagerDeployer.java:136)
	at org.codehaus.cargo.container.tomcat.internal.AbstractTomcatManagerDeployer.redeploy(AbstractTomcatManagerDeployer.java:173)
	at hudson.plugins.deploy.CargoContainerAdapter.deploy(CargoContainerAdapter.java:81)
	at hudson.plugins.deploy.CargoContainerAdapter$DeployCallable.invoke(CargoContainerAdapter.java:167)
	at hudson.plugins.deploy.CargoContainerAdapter$DeployCallable.invoke(CargoContainerAdapter.java:136)
	at hudson.FilePath.act(FilePath.java:1075)
	at hudson.FilePath.act(FilePath.java:1058)
	at hudson.plugins.deploy.CargoContainerAdapter.redeployFile(CargoContainerAdapter.java:133)
	at hudson.plugins.deploy.PasswordProtectedAdapterCargo.redeployFile(PasswordProtectedAdapterCargo.java:95)
	at hudson.plugins.deploy.DeployPublisher.perform(DeployPublisher.java:113)
	at hudson.tasks.BuildStepCompatibilityLayer.perform(BuildStepCompatibilityLayer.java:78)
	at hudson.tasks.BuildStepMonitor$3.perform(BuildStepMonitor.java:45)
	at hudson.model.AbstractBuild$AbstractBuildExecution.perform(AbstractBuild.java:741)
	at hudson.model.AbstractBuild$AbstractBuildExecution.performAllBuildSteps(AbstractBuild.java:690)
	at hudson.model.Build$BuildExecution.post2(Build.java:186)
	at hudson.model.AbstractBuild$AbstractBuildExecution.post(AbstractBuild.java:635)
	at hudson.model.Run.execute(Run.java:1881)
	at hudson.model.FreeStyleBuild.run(FreeStyleBuild.java:43)
	at hudson.model.ResourceController.execute(ResourceController.java:97)
	at hudson.model.Executor.run(Executor.java:428)
Caused by: org.codehaus.cargo.container.tomcat.internal.TomcatManagerException: The Tomcat Manager responded "FAIL - Unable to delete [/usr/local/tomcat/webapps/tasks]. The continued presence of this file may cause problems.
" instead of the expected "OK" message
	at org.codehaus.cargo.container.tomcat.internal.TomcatManager.invoke(TomcatManager.java:721)
	at org.codehaus.cargo.container.tomcat.internal.TomcatManager.invoke(TomcatManager.java:501)
	at org.codehaus.cargo.container.tomcat.internal.TomcatManager.undeploy(TomcatManager.java:441)
	at org.codehaus.cargo.container.tomcat.Tomcat7xRemoteDeployer.performUndeploy(Tomcat7xRemoteDeployer.java:58)
	at org.codehaus.cargo.container.tomcat.internal.AbstractTomcatManagerDeployer.undeploy(AbstractTomcatManagerDeployer.java:126)
	... 19 more
org.codehaus.cargo.container.tomcat.internal.TomcatManagerException: The Tomcat Manager responded "FAIL - Unable to delete [/usr/local/tomcat/webapps/tasks]. The continued presence of this file may cause problems.
" instead of the expected "OK" message
	at org.codehaus.cargo.container.tomcat.internal.TomcatManager.invoke(TomcatManager.java:721)
	at org.codehaus.cargo.container.tomcat.internal.TomcatManager.invoke(TomcatManager.java:501)
	at org.codehaus.cargo.container.tomcat.internal.TomcatManager.undeploy(TomcatManager.java:441)
	at org.codehaus.cargo.container.tomcat.Tomcat7xRemoteDeployer.performUndeploy(Tomcat7xRemoteDeployer.java:58)
	at org.codehaus.cargo.container.tomcat.internal.AbstractTomcatManagerDeployer.undeploy(AbstractTomcatManagerDeployer.java:126)
	at org.codehaus.cargo.container.tomcat.internal.AbstractTomcatManagerDeployer.redeploy(AbstractTomcatManagerDeployer.java:173)
	at hudson.plugins.deploy.CargoContainerAdapter.deploy(CargoContainerAdapter.java:81)
	at hudson.plugins.deploy.CargoContainerAdapter$DeployCallable.invoke(CargoContainerAdapter.java:167)
	at hudson.plugins.deploy.CargoContainerAdapter$DeployCallable.invoke(CargoContainerAdapter.java:136)
	at hudson.FilePath.act(FilePath.java:1075)
	at hudson.FilePath.act(FilePath.java:1058)
	at hudson.plugins.deploy.CargoContainerAdapter.redeployFile(CargoContainerAdapter.java:133)
	at hudson.plugins.deploy.PasswordProtectedAdapterCargo.redeployFile(PasswordProtectedAdapterCargo.java:95)
	at hudson.plugins.deploy.DeployPublisher.perform(DeployPublisher.java:113)
	at hudson.tasks.BuildStepCompatibilityLayer.perform(BuildStepCompatibilityLayer.java:78)
	at hudson.tasks.BuildStepMonitor$3.perform(BuildStepMonitor.java:45)
	at hudson.model.AbstractBuild$AbstractBuildExecution.perform(AbstractBuild.java:741)
	at hudson.model.AbstractBuild$AbstractBuildExecution.performAllBuildSteps(AbstractBuild.java:690)
	at hudson.model.Build$BuildExecution.post2(Build.java:186)
	at hudson.model.AbstractBuild$AbstractBuildExecution.post(AbstractBuild.java:635)
	at hudson.model.Run.execute(Run.java:1881)
	at hudson.model.FreeStyleBuild.run(FreeStyleBuild.java:43)
	at hudson.model.ResourceController.execute(ResourceController.java:97)
	at hudson.model.Executor.run(Executor.java:428)
Build step 'Deploy war/ear to a container' marked build as failure
Finished: FAILURE
